Vivado Simulator 2020.2
Time resolution is 1 ps
test001: soc cfg write test         x
                   0=> soc_axis_loopback force dut.AXIS_SW0.up_as_tvalid = 1
                 140=> soc POR Assert
                 180=> soc POR De-Assert
                 260=> fpga POR Assert
                 260=> fpga reset Assert
                 300=> fpga POR De-Assert
                 340=> fpga reset De-Assert
                 965=> soc_is_cfg_write : wbs_adr=00000000, wbs_sel=0000, wbs_wdata=00000000
test001: soc cfg write test         x
                   0=> soc_axis_loopback force dut.AXIS_SW0.up_as_tvalid = 1
                 140=> soc POR Assert
                 180=> soc POR De-Assert
                 260=> fpga POR Assert
                 260=> fpga reset Assert
                 300=> fpga POR De-Assert
                 340=> fpga reset De-Assert
                 965=> soc_is_cfg_write : wbs_adr=00000000, wbs_sel=0000, wbs_wdata=00000000
                1405=> soc_is_cfg_write : wbs_adr=00000000, wbs_sel=0000, wbs_wdata=00000000
                2085=> soc_aa_cfg_write : wbs_adr=00000000, wbs_sel=0000, wbs_wdata=00000000
                2965=> soc_aa_cfg_read : wbs_adr=00000000, wbs_sel=0000
Stopped at time : 1900580 ns : File "D:/kgfu_fsic_tony/dsn/rtl/fsic_io_serdes_rx.v" Line 64
Stopped at time : 1900580 ns : File "D:/kgfu_fsic_tony/dsn/rtl/fsic_io_serdes_rx.v" Line 49
Stopped at time : 1900580 ns : File "D:/kgfu_fsic_tony/dsn/rtl/fsic_io_serdes_rx.v" Line 50
Stopped at time : 1900580 ns : File "D:/kgfu_fsic_tony/dsn/rtl/fsic_io_serdes_rx.v" Line 48
Stopped at time : 1900580 ns : File "D:/kgfu_fsic_tony/dsn/rtl/fsic_io_serdes_rx.v" Line 65
Stopped at time : 1900580 ns : File "D:/kgfu_fsic_tony/dsn/rtl/fsic_io_serdes_rx.v" Line 66
Stopped at time : 1900580 ns : File "D:/kgfu_fsic_tony/dsn/rtl/fsic_io_serdes_rx.v" Line 64
Stopped at time : 1900580 ns : File "D:/kgfu_fsic_tony/dsn/rtl/fsic_io_serdes_rx.v" Line 49
Stopped at time : 1900580 ns : File "D:/kgfu_fsic_tony/dsn/rtl/fsic_io_serdes_rx.v" Line 50
Stopped at time : 1900580 ns : File "D:/kgfu_fsic_tony/dsn/rtl/fsic_io_serdes_rx.v" Line 48
Stopped at time : 1900580 ns : File "D:/kgfu_fsic_tony/dsn/rtl/fsic_io_serdes_rx.v" Line 65
Stopped at time : 1900580 ns : File "D:/kgfu_fsic_tony/dsn/rtl/fsic_io_serdes_rx.v" Line 66
Stopped at time : 1900580 ns : File "D:/kgfu_fsic_tony/dsn/rtl/fsic_io_serdes_rx.v" Line 64
Stopped at time : 1900580 ns : File "D:/kgfu_fsic_tony/dsn/rtl/fsic_io_serdes_rx.v" Line 49
Stopped at time : 1900580 ns : File "D:/kgfu_fsic_tony/dsn/rtl/fsic_io_serdes_rx.v" Line 50
Stopped at time : 1900580 ns : File "D:/kgfu_fsic_tony/dsn/rtl/fsic_io_serdes_rx.v" Line 48
Stopped at time : 1900580 ns : File "D:/kgfu_fsic_tony/dsn/rtl/fsic_io_serdes_rx.v" Line 65
Stopped at time : 1900580 ns : File "D:/kgfu_fsic_tony/dsn/rtl/fsic_io_serdes_rx.v" Line 66
Stopped at time : 1900580 ns : File "D:/kgfu_fsic_tony/dsn/rtl/fsic_io_serdes_rx.v" Line 64
Stopped at time : 1900585 ns : File "D:/kgfu_fsic_tony/dsn/testbench/tb_fsic.v" Line 352
Stopped at time : 1900585 ns : File "D:/kgfu_fsic_tony/dsn/testbench/tb_fsic.v" Line 352
Stopped at time : 1900585 ns : File "D:/kgfu_fsic_tony/dsn/testbench/tb_fsic.v" Line 301
Stopped at time : 1900585 ns : File "D:/kgfu_fsic_tony/dsn/rtl/fsic_clkrst.v" Line 89
Stopped at time : 1900585 ns : File "D:/kgfu_fsic_tony/dsn/rtl/fsic_clkrst.v" Line 60
Stopped at time : 1900585 ns : File "D:/kgfu_fsic_tony/dsn/rtl/fsic_clkrst.v" Line 63
Stopped at time : 1900585 ns : File "D:/kgfu_fsic_tony/dsn/rtl/fsic_clkrst.v" Line 59
Stopped at time : 1900585 ns : File "D:/kgfu_fsic_tony/dsn/rtl/io_serdes.v" Line 284
Stopped at time : 1900585 ns : File "D:/kgfu_fsic_tony/dsn/rtl/io_serdes.v" Line 284
Stopped at time : 1900585 ns : File "D:/kgfu_fsic_tony/dsn/rtl/fsic_clock.v" Line 42
Stopped at time : 1900585 ns : File "D:/kgfu_fsic_tony/dsn/rtl/fsic_clock.v" Line 46
Stopped at time : 1900585 ns : File "D:/kgfu_fsic_tony/dsn/rtl/fsic_clock.v" Line 41
Stopped at time : 1900585 ns : File "D:/kgfu_fsic_tony/dsn/rtl/fsic_clock.v" Line 55
Stopped at time : 1900585 ns : File "D:/kgfu_fsic_tony/dsn/rtl/fsic_clock.v" Line 59
Stopped at time : 1900585 ns : File "D:/kgfu_fsic_tony/dsn/rtl/fsic_clock.v" Line 59
Stopped at time : 1900585 ns : File "D:/kgfu_fsic_tony/dsn/rtl/fsic_clock.v" Line 54
Stopped at time : 1900585 ns : File "D:/kgfu_fsic_tony/dsn/rtl/fsic_clock.v" Line 42
Stopped at time : 1900585 ns : File "D:/kgfu_fsic_tony/dsn/rtl/fsic_clock.v" Line 46
Stopped at time : 1900585 ns : File "D:/kgfu_fsic_tony/dsn/rtl/fsic_clock.v" Line 41
Stopped at time : 1900585 ns : File "D:/kgfu_fsic_tony/dsn/rtl/fsic_clock.v" Line 55
Stopped at time : 1900585 ns : File "D:/kgfu_fsic_tony/dsn/rtl/fsic_clock.v" Line 59
Stopped at time : 1900585 ns : File "D:/kgfu_fsic_tony/dsn/rtl/fsic_clock.v" Line 59
Stopped at time : 1900585 ns : File "D:/kgfu_fsic_tony/dsn/rtl/fsic_clock.v" Line 54
Stopped at time : 1900585 ns : File "D:/kgfu_fsic_tony/dsn/rtl/fsic_coreclk_phase_cnt.v" Line 47
Stopped at time : 1900585 ns : File "D:/kgfu_fsic_tony/dsn/rtl/fsic_coreclk_phase_cnt.v" Line 51
Stopped at time : 1900585 ns : File "D:/kgfu_fsic_tony/dsn/rtl/fsic_coreclk_phase_cnt.v" Line 52
Stopped at time : 1900585 ns : File "D:/kgfu_fsic_tony/dsn/rtl/fsic_coreclk_phase_cnt.v" Line 46
Stopped at time : 1900585 ns : File "D:/kgfu_fsic_tony/dsn/rtl/fsic_coreclk_phase_cnt.v" Line 58
Stopped at time : 1900585 ns : File "D:/kgfu_fsic_tony/dsn/rtl/fsic_coreclk_phase_cnt.v" Line 62
Stopped at time : 1900585 ns : File "D:/kgfu_fsic_tony/dsn/rtl/fsic_coreclk_phase_cnt.v" Line 65
Stopped at time : 1900585 ns : File "D:/kgfu_fsic_tony/dsn/rtl/fsic_coreclk_phase_cnt.v" Line 57
Stopped at time : 1900585 ns : File "D:/kgfu_fsic_tony/dsn/rtl/io_serdes.v" Line 224
Stopped at time : 1900585 ns : File "D:/kgfu_fsic_tony/dsn/rtl/io_serdes.v" Line 228
Stopped at time : 1900585 ns : File "D:/kgfu_fsic_tony/dsn/rtl/io_serdes.v" Line 231
Stopped at time : 1900585 ns : File "D:/kgfu_fsic_tony/dsn/rtl/io_serdes.v" Line 223
Stopped at time : 1900585 ns : File "D:/kgfu_fsic_tony/dsn/rtl/fsic_io_serdes_rx.v" Line 76
Stopped at time : 1900585 ns : File "D:/kgfu_fsic_tony/dsn/rtl/fsic_io_serdes_rx.v" Line 81
Stopped at time : 1900585 ns : File "D:/kgfu_fsic_tony/dsn/rtl/fsic_io_serdes_rx.v" Line 82
Stopped at time : 1900585 ns : File "D:/kgfu_fsic_tony/dsn/rtl/fsic_io_serdes_rx.v" Line 75
Stopped at time : 1900585 ns : File "D:/kgfu_fsic_tony/dsn/rtl/fsic_io_serdes_rx.v" Line 88
Stopped at time : 1900585 ns : File "D:/kgfu_fsic_tony/dsn/rtl/fsic_io_serdes_rx.v" Line 92
Stopped at time : 1900585 ns : File "D:/kgfu_fsic_tony/dsn/rtl/fsic_io_serdes_rx.v" Line 95
Stopped at time : 1900585 ns : File "D:/kgfu_fsic_tony/dsn/rtl/fsic_io_serdes_rx.v" Line 87
Stopped at time : 1900585 ns : File "D:/kgfu_fsic_tony/dsn/rtl/fsic_io_serdes_rx.v" Line 103
Stopped at time : 1900585 ns : File "D:/kgfu_fsic_tony/dsn/rtl/fsic_io_serdes_rx.v" Line 107
Stopped at time : 1900585 ns : File "D:/kgfu_fsic_tony/dsn/rtl/fsic_io_serdes_rx.v" Line 114
Stopped at time : 1900585 ns : File "D:/kgfu_fsic_tony/dsn/rtl/fsic_io_serdes_rx.v" Line 102
Stopped at time : 1900585 ns : File "D:/kgfu_fsic_tony/dsn/rtl/fsic_io_serdes_rx.v" Line 121
Stopped at time : 1900585 ns : File "D:/kgfu_fsic_tony/dsn/rtl/fsic_io_serdes_rx.v" Line 125
Stopped at time : 1900585 ns : File "D:/kgfu_fsic_tony/dsn/rtl/fsic_io_serdes_rx.v" Line 120
Stopped at time : 1900585 ns : File "D:/kgfu_fsic_tony/dsn/rtl/fsic_io_serdes_rx.v" Line 135
Stopped at time : 1900585 ns : File "D:/kgfu_fsic_tony/dsn/rtl/fsic_io_serdes_rx.v" Line 139
Stopped at time : 1900585 ns : File "D:/kgfu_fsic_tony/dsn/rtl/fsic_io_serdes_rx.v" Line 142
Stopped at time : 1900585 ns : File "D:/kgfu_fsic_tony/dsn/rtl/fsic_io_serdes_rx.v" Line 134
Stopped at time : 1900585 ns : File "D:/kgfu_fsic_tony/dsn/rtl/fsic_io_serdes_rx.v" Line 149
Stopped at time : 1900585 ns : File "D:/kgfu_fsic_tony/dsn/rtl/fsic_io_serdes_rx.v" Line 153
Stopped at time : 1900585 ns : File "D:/kgfu_fsic_tony/dsn/rtl/fsic_io_serdes_rx.v" Line 154
Stopped at time : 1900585 ns : File "D:/kgfu_fsic_tony/dsn/rtl/fsic_io_serdes_rx.v" Line 148
Stopped at time : 1900585 ns : File "D:/kgfu_fsic_tony/dsn/rtl/fsic_io_serdes_rx.v" Line 167
Stopped at time : 1900585 ns : File "D:/kgfu_fsic_tony/dsn/rtl/fsic_io_serdes_rx.v" Line 172
Stopped at time : 1900585 ns : File "D:/kgfu_fsic_tony/dsn/rtl/fsic_io_serdes_rx.v" Line 177
Stopped at time : 1900585 ns : File "D:/kgfu_fsic_tony/dsn/rtl/fsic_io_serdes_rx.v" Line 178
Stopped at time : 1900585 ns : File "D:/kgfu_fsic_tony/dsn/rtl/fsic_io_serdes_rx.v" Line 165
Stopped at time : 1900585 ns : File "D:/kgfu_fsic_tony/dsn/rtl/fsic_io_serdes_rx.v" Line 76
Stopped at time : 1900585 ns : File "D:/kgfu_fsic_tony/dsn/rtl/fsic_io_serdes_rx.v" Line 81
Stopped at time : 1900585 ns : File "D:/kgfu_fsic_tony/dsn/rtl/fsic_io_serdes_rx.v" Line 82
Stopped at time : 1900585 ns : File "D:/kgfu_fsic_tony/dsn/rtl/fsic_io_serdes_rx.v" Line 75
Stopped at time : 1900585 ns : File "D:/kgfu_fsic_tony/dsn/rtl/fsic_io_serdes_rx.v" Line 88
Stopped at time : 1900585 ns : File "D:/kgfu_fsic_tony/dsn/rtl/fsic_io_serdes_rx.v" Line 92
Stopped at time : 1900585 ns : File "D:/kgfu_fsic_tony/dsn/rtl/fsic_io_serdes_rx.v" Line 95
Stopped at time : 1900585 ns : File "D:/kgfu_fsic_tony/dsn/rtl/fsic_io_serdes_rx.v" Line 87
Stopped at time : 1900585 ns : File "D:/kgfu_fsic_tony/dsn/rtl/fsic_io_serdes_rx.v" Line 103
Stopped at time : 1900585 ns : File "D:/kgfu_fsic_tony/dsn/rtl/fsic_io_serdes_rx.v" Line 107
Stopped at time : 1900585 ns : File "D:/kgfu_fsic_tony/dsn/rtl/fsic_io_serdes_rx.v" Line 114
Stopped at time : 1900585 ns : File "D:/kgfu_fsic_tony/dsn/rtl/fsic_io_serdes_rx.v" Line 102
Stopped at time : 1900585 ns : File "D:/kgfu_fsic_tony/dsn/rtl/fsic_io_serdes_rx.v" Line 121
Stopped at time : 1900585 ns : File "D:/kgfu_fsic_tony/dsn/rtl/fsic_io_serdes_rx.v" Line 125
Stopped at time : 1900585 ns : File "D:/kgfu_fsic_tony/dsn/rtl/fsic_io_serdes_rx.v" Line 120
Stopped at time : 1900585 ns : File "D:/kgfu_fsic_tony/dsn/rtl/fsic_io_serdes_rx.v" Line 135
Stopped at time : 1900585 ns : File "D:/kgfu_fsic_tony/dsn/rtl/fsic_io_serdes_rx.v" Line 139
Stopped at time : 1900585 ns : File "D:/kgfu_fsic_tony/dsn/rtl/fsic_io_serdes_rx.v" Line 142
Stopped at time : 1900585 ns : File "D:/kgfu_fsic_tony/dsn/rtl/fsic_io_serdes_rx.v" Line 134
Stopped at time : 1900585 ns : File "D:/kgfu_fsic_tony/dsn/rtl/fsic_io_serdes_rx.v" Line 149
Stopped at time : 1900585 ns : File "D:/kgfu_fsic_tony/dsn/rtl/fsic_io_serdes_rx.v" Line 153
Stopped at time : 1900585 ns : File "D:/kgfu_fsic_tony/dsn/rtl/fsic_io_serdes_rx.v" Line 154
Stopped at time : 1900585 ns : File "D:/kgfu_fsic_tony/dsn/rtl/fsic_io_serdes_rx.v" Line 148
Stopped at time : 1900585 ns : File "D:/kgfu_fsic_tony/dsn/rtl/fsic_io_serdes_rx.v" Line 167
Stopped at time : 1900585 ns : File "D:/kgfu_fsic_tony/dsn/rtl/fsic_io_serdes_rx.v" Line 172
Stopped at time : 1900585 ns : File "D:/kgfu_fsic_tony/dsn/rtl/fsic_io_serdes_rx.v" Line 177
Stopped at time : 1900585 ns : File "D:/kgfu_fsic_tony/dsn/rtl/fsic_io_serdes_rx.v" Line 178
Stopped at time : 3801665 ns : File "D:/kgfu_fsic_tony/dsn/rtl/fsic_coreclk_phase_cnt.v" Line 34
Stopped at time : 3801665 ns : File "D:/kgfu_fsic_tony/dsn/rtl/io_serdes.v" Line 291
Stopped at time : 3801665 ns : File "D:/kgfu_fsic_tony/dsn/rtl/io_serdes.v" Line 291
Stopped at time : 3801665 ns : File "D:/kgfu_fsic_tony/dsn/rtl/io_serdes.v" Line 291
Stopped at time : 3801665 ns : File "D:/kgfu_fsic_tony/dsn/rtl/io_serdes.v" Line 291
Stopped at time : 3801665 ns : File "D:/kgfu_fsic_tony/dsn/rtl/io_serdes.v" Line 291
Stopped at time : 3801665 ns : File "D:/kgfu_fsic_tony/dsn/rtl/io_serdes.v" Line 291
Stopped at time : 3801665 ns : File "D:/kgfu_fsic_tony/dsn/rtl/io_serdes.v" Line 291
Stopped at time : 3801665 ns : File "D:/kgfu_fsic_tony/dsn/rtl/io_serdes.v" Line 291
Stopped at time : 3801665 ns : File "D:/kgfu_fsic_tony/dsn/rtl/io_serdes.v" Line 324
Stopped at time : 3801665 ns : File "D:/kgfu_fsic_tony/dsn/rtl/io_serdes.v" Line 325
Stopped at time : 3801665 ns : File "D:/kgfu_fsic_tony/dsn/rtl/io_serdes.v" Line 326
Stopped at time : 3801665 ns : File "D:/kgfu_fsic_tony/dsn/rtl/io_serdes.v" Line 327
Stopped at time : 3801670 ns : File "D:/kgfu_fsic_tony/dsn/testbench/tb_fsic.v" Line 352
Stopped at time : 3801670 ns : File "D:/kgfu_fsic_tony/dsn/testbench/tb_fsic.v" Line 352
Stopped at time : 3801670 ns : File "D:/kgfu_fsic_tony/dsn/testbench/tb_fsic.v" Line 301
Stopped at time : 3801670 ns : File "D:/kgfu_fsic_tony/dsn/rtl/fsic_clkrst.v" Line 89
Stopped at time : 3801670 ns : File "D:/kgfu_fsic_tony/dsn/rtl/io_serdes.v" Line 284
Stopped at time : 3801670 ns : File "D:/kgfu_fsic_tony/dsn/rtl/io_serdes.v" Line 284
Stopped at time : 3801670 ns : File "D:/kgfu_fsic_tony/dsn/rtl/io_serdes.v" Line 206
Stopped at time : 3801670 ns : File "D:/kgfu_fsic_tony/dsn/rtl/io_serdes.v" Line 210
Stopped at time : 3801670 ns : File "D:/kgfu_fsic_tony/dsn/rtl/io_serdes.v" Line 216
Stopped at time : 3801670 ns : File "D:/kgfu_fsic_tony/dsn/rtl/io_serdes.v" Line 205
Stopped at time : 3801670 ns : File "D:/kgfu_fsic_tony/dsn/rtl/io_serdes.v" Line 337
Stopped at time : 3801670 ns : File "D:/kgfu_fsic_tony/dsn/rtl/io_serdes.v" Line 341
Stopped at time : 3801670 ns : File "D:/kgfu_fsic_tony/dsn/rtl/io_serdes.v" Line 344
Stopped at time : 3801670 ns : File "D:/kgfu_fsic_tony/dsn/rtl/io_serdes.v" Line 336
Stopped at time : 3801670 ns : File "D:/kgfu_fsic_tony/dsn/rtl/io_serdes.v" Line 206
Stopped at time : 3801670 ns : File "D:/kgfu_fsic_tony/dsn/rtl/io_serdes.v" Line 210
Stopped at time : 3801670 ns : File "D:/kgfu_fsic_tony/dsn/rtl/io_serdes.v" Line 216
Stopped at time : 3801670 ns : File "D:/kgfu_fsic_tony/dsn/rtl/io_serdes.v" Line 205
Stopped at time : 3801670 ns : File "D:/kgfu_fsic_tony/dsn/rtl/io_serdes.v" Line 337
Stopped at time : 3801670 ns : File "D:/kgfu_fsic_tony/dsn/rtl/io_serdes.v" Line 341
Stopped at time : 3801670 ns : File "D:/kgfu_fsic_tony/dsn/rtl/io_serdes.v" Line 342
Stopped at time : 3801670 ns : File "D:/kgfu_fsic_tony/dsn/rtl/io_serdes.v" Line 336
Stopped at time : 3801670 ns : File "D:/kgfu_fsic_tony/dsn/rtl/io_serdes.v" Line 115
Stopped at time : 3801670 ns : File "D:/kgfu_fsic_tony/dsn/rtl/io_serdes.v" Line 116
Stopped at time : 3801670 ns : File "D:/kgfu_fsic_tony/dsn/rtl/fsic_io_serdes_rx.v" Line 49
Stopped at time : 3801670 ns : File "D:/kgfu_fsic_tony/dsn/rtl/fsic_io_serdes_rx.v" Line 50
Stopped at time : 3801670 ns : File "D:/kgfu_fsic_tony/dsn/rtl/fsic_io_serdes_rx.v" Line 48
Stopped at time : 3801670 ns : File "D:/kgfu_fsic_tony/dsn/rtl/fsic_io_serdes_rx.v" Line 65
Stopped at time : 3801670 ns : File "D:/kgfu_fsic_tony/dsn/rtl/fsic_io_serdes_rx.v" Line 66
Stopped at time : 3801670 ns : File "D:/kgfu_fsic_tony/dsn/rtl/fsic_io_serdes_rx.v" Line 64
Stopped at time : 3801670 ns : File "D:/kgfu_fsic_tony/dsn/rtl/fsic_io_serdes_rx.v" Line 49
Stopped at time : 3801670 ns : File "D:/kgfu_fsic_tony/dsn/rtl/fsic_io_serdes_rx.v" Line 50
Stopped at time : 3801670 ns : File "D:/kgfu_fsic_tony/dsn/rtl/fsic_io_serdes_rx.v" Line 48
Stopped at time : 3801670 ns : File "D:/kgfu_fsic_tony/dsn/rtl/fsic_io_serdes_rx.v" Line 65
Stopped at time : 3801670 ns : File "D:/kgfu_fsic_tony/dsn/rtl/fsic_io_serdes_rx.v" Line 66
Stopped at time : 3801670 ns : File "D:/kgfu_fsic_tony/dsn/rtl/fsic_io_serdes_rx.v" Line 64
Stopped at time : 3801670 ns : File "D:/kgfu_fsic_tony/dsn/rtl/fsic_io_serdes_rx.v" Line 49
Stopped at time : 3801670 ns : File "D:/kgfu_fsic_tony/dsn/rtl/fsic_io_serdes_rx.v" Line 50
Stopped at time : 3801670 ns : File "D:/kgfu_fsic_tony/dsn/rtl/fsic_io_serdes_rx.v" Line 48
Stopped at time : 3801670 ns : File "D:/kgfu_fsic_tony/dsn/rtl/fsic_io_serdes_rx.v" Line 65
Stopped at time : 3801670 ns : File "D:/kgfu_fsic_tony/dsn/rtl/fsic_io_serdes_rx.v" Line 66
Stopped at time : 3801670 ns : File "D:/kgfu_fsic_tony/dsn/rtl/fsic_io_serdes_rx.v" Line 64
Stopped at time : 3801670 ns : File "D:/kgfu_fsic_tony/dsn/rtl/fsic_io_serdes_rx.v" Line 49
Stopped at time : 3801670 ns : File "D:/kgfu_fsic_tony/dsn/rtl/fsic_io_serdes_rx.v" Line 50
Stopped at time : 3801670 ns : File "D:/kgfu_fsic_tony/dsn/rtl/fsic_io_serdes_rx.v" Line 48
Stopped at time : 3801670 ns : File "D:/kgfu_fsic_tony/dsn/rtl/fsic_io_serdes_rx.v" Line 65
Stopped at time : 3801670 ns : File "D:/kgfu_fsic_tony/dsn/rtl/fsic_io_serdes_rx.v" Line 66
Stopped at time : 3801670 ns : File "D:/kgfu_fsic_tony/dsn/rtl/fsic_io_serdes_rx.v" Line 64
Stopped at time : 3801670 ns : File "D:/kgfu_fsic_tony/dsn/rtl/fsic_io_serdes_rx.v" Line 49
Stopped at time : 3801670 ns : File "D:/kgfu_fsic_tony/dsn/rtl/fsic_io_serdes_rx.v" Line 50
Stopped at time : 3801670 ns : File "D:/kgfu_fsic_tony/dsn/rtl/fsic_io_serdes_rx.v" Line 48
Stopped at time : 3801670 ns : File "D:/kgfu_fsic_tony/dsn/rtl/fsic_io_serdes_rx.v" Line 65
Stopped at time : 3801670 ns : File "D:/kgfu_fsic_tony/dsn/rtl/fsic_io_serdes_rx.v" Line 66
Stopped at time : 3801670 ns : File "D:/kgfu_fsic_tony/dsn/rtl/fsic_io_serdes_rx.v" Line 64
Stopped at time : 3801670 ns : File "D:/kgfu_fsic_tony/dsn/rtl/fsic_io_serdes_rx.v" Line 49
Stopped at time : 3801670 ns : File "D:/kgfu_fsic_tony/dsn/rtl/fsic_io_serdes_rx.v" Line 50
Stopped at time : 3801670 ns : File "D:/kgfu_fsic_tony/dsn/rtl/fsic_io_serdes_rx.v" Line 48
Stopped at time : 3801670 ns : File "D:/kgfu_fsic_tony/dsn/rtl/fsic_io_serdes_rx.v" Line 65
Stopped at time : 3801670 ns : File "D:/kgfu_fsic_tony/dsn/rtl/fsic_io_serdes_rx.v" Line 66
Stopped at time : 3801670 ns : File "D:/kgfu_fsic_tony/dsn/rtl/fsic_io_serdes_rx.v" Line 64
Stopped at time : 3801670 ns : File "D:/kgfu_fsic_tony/dsn/rtl/fsic_io_serdes_rx.v" Line 49
Stopped at time : 3801670 ns : File "D:/kgfu_fsic_tony/dsn/rtl/fsic_io_serdes_rx.v" Line 50
Stopped at time : 3801670 ns : File "D:/kgfu_fsic_tony/dsn/rtl/fsic_io_serdes_rx.v" Line 48
Stopped at time : 3801670 ns : File "D:/kgfu_fsic_tony/dsn/rtl/fsic_io_serdes_rx.v" Line 65
Stopped at time : 3801670 ns : File "D:/kgfu_fsic_tony/dsn/rtl/fsic_io_serdes_rx.v" Line 66
Stopped at time : 3801670 ns : File "D:/kgfu_fsic_tony/dsn/rtl/fsic_io_serdes_rx.v" Line 64
Stopped at time : 3801670 ns : File "D:/kgfu_fsic_tony/dsn/rtl/fsic_io_serdes_rx.v" Line 49
Stopped at time : 3801670 ns : File "D:/kgfu_fsic_tony/dsn/rtl/fsic_io_serdes_rx.v" Line 50
Stopped at time : 3801670 ns : File "D:/kgfu_fsic_tony/dsn/rtl/fsic_io_serdes_rx.v" Line 48
Stopped at time : 3801670 ns : File "D:/kgfu_fsic_tony/dsn/rtl/fsic_io_serdes_rx.v" Line 65
Stopped at time : 3801670 ns : File "D:/kgfu_fsic_tony/dsn/rtl/fsic_io_serdes_rx.v" Line 66
Stopped at time : 3801670 ns : File "D:/kgfu_fsic_tony/dsn/rtl/fsic_io_serdes_rx.v" Line 64
Stopped at time : 3801670 ns : File "D:/kgfu_fsic_tony/dsn/rtl/fsic_io_serdes_rx.v" Line 49
Stopped at time : 3801670 ns : File "D:/kgfu_fsic_tony/dsn/rtl/fsic_io_serdes_rx.v" Line 50
Stopped at time : 3801670 ns : File "D:/kgfu_fsic_tony/dsn/rtl/fsic_io_serdes_rx.v" Line 48
Stopped at time : 3801670 ns : File "D:/kgfu_fsic_tony/dsn/rtl/fsic_io_serdes_rx.v" Line 65
Stopped at time : 3801670 ns : File "D:/kgfu_fsic_tony/dsn/rtl/fsic_io_serdes_rx.v" Line 66
Stopped at time : 3801670 ns : File "D:/kgfu_fsic_tony/dsn/rtl/fsic_io_serdes_rx.v" Line 64
Stopped at time : 3801670 ns : File "D:/kgfu_fsic_tony/dsn/rtl/fsic_io_serdes_rx.v" Line 49
Stopped at time : 3801670 ns : File "D:/kgfu_fsic_tony/dsn/rtl/fsic_io_serdes_rx.v" Line 50
Stopped at time : 3801670 ns : File "D:/kgfu_fsic_tony/dsn/rtl/fsic_io_serdes_rx.v" Line 48
Stopped at time : 3801670 ns : File "D:/kgfu_fsic_tony/dsn/rtl/fsic_io_serdes_rx.v" Line 65
Stopped at time : 3801670 ns : File "D:/kgfu_fsic_tony/dsn/rtl/fsic_io_serdes_rx.v" Line 66
Stopped at time : 3801670 ns : File "D:/kgfu_fsic_tony/dsn/rtl/fsic_io_serdes_rx.v" Line 64
Stopped at time : 3801670 ns : File "D:/kgfu_fsic_tony/dsn/rtl/fsic_io_serdes_rx.v" Line 49
Stopped at time : 3801670 ns : File "D:/kgfu_fsic_tony/dsn/rtl/fsic_io_serdes_rx.v" Line 50
Stopped at time : 3801670 ns : File "D:/kgfu_fsic_tony/dsn/rtl/fsic_io_serdes_rx.v" Line 48
Stopped at time : 3801670 ns : File "D:/kgfu_fsic_tony/dsn/rtl/fsic_io_serdes_rx.v" Line 65
Stopped at time : 3801670 ns : File "D:/kgfu_fsic_tony/dsn/rtl/fsic_io_serdes_rx.v" Line 66
Stopped at time : 3801670 ns : File "D:/kgfu_fsic_tony/dsn/rtl/fsic_io_serdes_rx.v" Line 64
Stopped at time : 3801670 ns : File "D:/kgfu_fsic_tony/dsn/rtl/fsic_io_serdes_rx.v" Line 49
Stopped at time : 3801670 ns : File "D:/kgfu_fsic_tony/dsn/rtl/fsic_io_serdes_rx.v" Line 50
Stopped at time : 3801670 ns : File "D:/kgfu_fsic_tony/dsn/rtl/fsic_io_serdes_rx.v" Line 48
Stopped at time : 3801670 ns : File "D:/kgfu_fsic_tony/dsn/rtl/fsic_io_serdes_rx.v" Line 65
Stopped at time : 3801670 ns : File "D:/kgfu_fsic_tony/dsn/rtl/fsic_io_serdes_rx.v" Line 66
Stopped at time : 3801670 ns : File "D:/kgfu_fsic_tony/dsn/rtl/fsic_io_serdes_rx.v" Line 64
Stopped at time : 3801675 ns : File "D:/kgfu_fsic_tony/dsn/testbench/tb_fsic.v" Line 352
Stopped at time : 3801675 ns : File "D:/kgfu_fsic_tony/dsn/testbench/tb_fsic.v" Line 352
Stopped at time : 3801675 ns : File "D:/kgfu_fsic_tony/dsn/testbench/tb_fsic.v" Line 301
Stopped at time : 3801675 ns : File "D:/kgfu_fsic_tony/dsn/rtl/fsic_clkrst.v" Line 89
Stopped at time : 3801675 ns : File "D:/kgfu_fsic_tony/dsn/rtl/fsic_clkrst.v" Line 60
Stopped at time : 3801675 ns : File "D:/kgfu_fsic_tony/dsn/rtl/fsic_clkrst.v" Line 63
Stopped at time : 3801675 ns : File "D:/kgfu_fsic_tony/dsn/rtl/fsic_clkrst.v" Line 59
Stopped at time : 3801675 ns : File "D:/kgfu_fsic_tony/dsn/rtl/io_serdes.v" Line 284
Stopped at time : 3801675 ns : File "D:/kgfu_fsic_tony/dsn/rtl/io_serdes.v" Line 284
Stopped at time : 3801675 ns : File "D:/kgfu_fsic_tony/dsn/rtl/fsic_clock.v" Line 42
Stopped at time : 3801675 ns : File "D:/kgfu_fsic_tony/dsn/rtl/fsic_clock.v" Line 46
Stopped at time : 3801675 ns : File "D:/kgfu_fsic_tony/dsn/rtl/fsic_clock.v" Line 41
Stopped at time : 3801675 ns : File "D:/kgfu_fsic_tony/dsn/rtl/fsic_clock.v" Line 55
Stopped at time : 3801675 ns : File "D:/kgfu_fsic_tony/dsn/rtl/fsic_clock.v" Line 59
Stopped at time : 3801675 ns : File "D:/kgfu_fsic_tony/dsn/rtl/fsic_clock.v" Line 60
Stopped at time : 3801675 ns : File "D:/kgfu_fsic_tony/dsn/rtl/fsic_clock.v" Line 54
Stopped at time : 3801675 ns : File "D:/kgfu_fsic_tony/dsn/rtl/fsic_clock.v" Line 42
Stopped at time : 3801675 ns : File "D:/kgfu_fsic_tony/dsn/rtl/fsic_clock.v" Line 46
Stopped at time : 3801675 ns : File "D:/kgfu_fsic_tony/dsn/rtl/fsic_clock.v" Line 41
Stopped at time : 3801675 ns : File "D:/kgfu_fsic_tony/dsn/rtl/fsic_clock.v" Line 55
Stopped at time : 3801675 ns : File "D:/kgfu_fsic_tony/dsn/rtl/fsic_clock.v" Line 59
Stopped at time : 3801675 ns : File "D:/kgfu_fsic_tony/dsn/rtl/fsic_clock.v" Line 60
Stopped at time : 3801675 ns : File "D:/kgfu_fsic_tony/dsn/rtl/fsic_clock.v" Line 54
Stopped at time : 3801675 ns : File "D:/kgfu_fsic_tony/dsn/rtl/fsic_coreclk_phase_cnt.v" Line 47
Stopped at time : 3801675 ns : File "D:/kgfu_fsic_tony/dsn/rtl/fsic_coreclk_phase_cnt.v" Line 51
Stopped at time : 3801675 ns : File "D:/kgfu_fsic_tony/dsn/rtl/fsic_coreclk_phase_cnt.v" Line 52
Stopped at time : 3801675 ns : File "D:/kgfu_fsic_tony/dsn/rtl/fsic_coreclk_phase_cnt.v" Line 46
Stopped at time : 3801675 ns : File "D:/kgfu_fsic_tony/dsn/rtl/fsic_coreclk_phase_cnt.v" Line 58
Stopped at time : 3801675 ns : File "D:/kgfu_fsic_tony/dsn/rtl/fsic_coreclk_phase_cnt.v" Line 62
Stopped at time : 3801675 ns : File "D:/kgfu_fsic_tony/dsn/rtl/fsic_coreclk_phase_cnt.v" Line 65
Stopped at time : 3801675 ns : File "D:/kgfu_fsic_tony/dsn/rtl/fsic_coreclk_phase_cnt.v" Line 57
Stopped at time : 3801675 ns : File "D:/kgfu_fsic_tony/dsn/rtl/io_serdes.v" Line 224
Stopped at time : 3801675 ns : File "D:/kgfu_fsic_tony/dsn/rtl/io_serdes.v" Line 228
Stopped at time : 3801675 ns : File "D:/kgfu_fsic_tony/dsn/rtl/io_serdes.v" Line 231
Stopped at time : 3801675 ns : File "D:/kgfu_fsic_tony/dsn/rtl/io_serdes.v" Line 223
Stopped at time : 3801675 ns : File "D:/kgfu_fsic_tony/dsn/rtl/fsic_io_serdes_rx.v" Line 76
Stopped at time : 3801675 ns : File "D:/kgfu_fsic_tony/dsn/rtl/fsic_io_serdes_rx.v" Line 81
Stopped at time : 3801675 ns : File "D:/kgfu_fsic_tony/dsn/rtl/fsic_io_serdes_rx.v" Line 82
Stopped at time : 3801675 ns : File "D:/kgfu_fsic_tony/dsn/rtl/fsic_io_serdes_rx.v" Line 75
Stopped at time : 3801675 ns : File "D:/kgfu_fsic_tony/dsn/rtl/fsic_io_serdes_rx.v" Line 88
Stopped at time : 3801675 ns : File "D:/kgfu_fsic_tony/dsn/rtl/fsic_io_serdes_rx.v" Line 92
Stopped at time : 3801675 ns : File "D:/kgfu_fsic_tony/dsn/rtl/fsic_io_serdes_rx.v" Line 95
Stopped at time : 3801675 ns : File "D:/kgfu_fsic_tony/dsn/rtl/fsic_io_serdes_rx.v" Line 87
Stopped at time : 3801675 ns : File "D:/kgfu_fsic_tony/dsn/rtl/fsic_io_serdes_rx.v" Line 103
Stopped at time : 3801675 ns : File "D:/kgfu_fsic_tony/dsn/rtl/fsic_io_serdes_rx.v" Line 107
Stopped at time : 3801675 ns : File "D:/kgfu_fsic_tony/dsn/rtl/fsic_io_serdes_rx.v" Line 114
Stopped at time : 3801675 ns : File "D:/kgfu_fsic_tony/dsn/rtl/fsic_io_serdes_rx.v" Line 102
Stopped at time : 3801675 ns : File "D:/kgfu_fsic_tony/dsn/rtl/fsic_io_serdes_rx.v" Line 121
Stopped at time : 3801675 ns : File "D:/kgfu_fsic_tony/dsn/rtl/fsic_io_serdes_rx.v" Line 125
Stopped at time : 3801675 ns : File "D:/kgfu_fsic_tony/dsn/rtl/fsic_io_serdes_rx.v" Line 120
Stopped at time : 3801675 ns : File "D:/kgfu_fsic_tony/dsn/rtl/fsic_io_serdes_rx.v" Line 135
Stopped at time : 3801675 ns : File "D:/kgfu_fsic_tony/dsn/rtl/fsic_io_serdes_rx.v" Line 139
Stopped at time : 3801675 ns : File "D:/kgfu_fsic_tony/dsn/rtl/fsic_io_serdes_rx.v" Line 142
Stopped at time : 3801675 ns : File "D:/kgfu_fsic_tony/dsn/rtl/fsic_io_serdes_rx.v" Line 134
Stopped at time : 3801675 ns : File "D:/kgfu_fsic_tony/dsn/rtl/fsic_io_serdes_rx.v" Line 149
Stopped at time : 3801675 ns : File "D:/kgfu_fsic_tony/dsn/rtl/fsic_io_serdes_rx.v" Line 153
Stopped at time : 3801675 ns : File "D:/kgfu_fsic_tony/dsn/rtl/fsic_io_serdes_rx.v" Line 154
Stopped at time : 3801675 ns : File "D:/kgfu_fsic_tony/dsn/rtl/fsic_io_serdes_rx.v" Line 148
Stopped at time : 3801675 ns : File "D:/kgfu_fsic_tony/dsn/rtl/fsic_io_serdes_rx.v" Line 167
Stopped at time : 3801675 ns : File "D:/kgfu_fsic_tony/dsn/rtl/fsic_io_serdes_rx.v" Line 172
Stopped at time : 3801675 ns : File "D:/kgfu_fsic_tony/dsn/rtl/fsic_io_serdes_rx.v" Line 177
Stopped at time : 3801675 ns : File "D:/kgfu_fsic_tony/dsn/rtl/fsic_io_serdes_rx.v" Line 178
Stopped at time : 3801675 ns : File "D:/kgfu_fsic_tony/dsn/rtl/fsic_io_serdes_rx.v" Line 165
Stopped at time : 3801675 ns : File "D:/kgfu_fsic_tony/dsn/rtl/fsic_io_serdes_rx.v" Line 76
Stopped at time : 3801675 ns : File "D:/kgfu_fsic_tony/dsn/rtl/fsic_io_serdes_rx.v" Line 81
Stopped at time : 3801675 ns : File "D:/kgfu_fsic_tony/dsn/rtl/fsic_io_serdes_rx.v" Line 82
Stopped at time : 3801675 ns : File "D:/kgfu_fsic_tony/dsn/rtl/fsic_io_serdes_rx.v" Line 75
Stopped at time : 3801675 ns : File "D:/kgfu_fsic_tony/dsn/rtl/fsic_io_serdes_rx.v" Line 88
Stopped at time : 3801675 ns : File "D:/kgfu_fsic_tony/dsn/rtl/fsic_io_serdes_rx.v" Line 92
Stopped at time : 3801675 ns : File "D:/kgfu_fsic_tony/dsn/rtl/fsic_io_serdes_rx.v" Line 95
Stopped at time : 3801675 ns : File "D:/kgfu_fsic_tony/dsn/rtl/fsic_io_serdes_rx.v" Line 87
Stopped at time : 3801675 ns : File "D:/kgfu_fsic_tony/dsn/rtl/fsic_io_serdes_rx.v" Line 103
Stopped at time : 3801675 ns : File "D:/kgfu_fsic_tony/dsn/rtl/fsic_io_serdes_rx.v" Line 107
Stopped at time : 3801675 ns : File "D:/kgfu_fsic_tony/dsn/rtl/fsic_io_serdes_rx.v" Line 114
Stopped at time : 3801675 ns : File "D:/kgfu_fsic_tony/dsn/rtl/fsic_io_serdes_rx.v" Line 102
Stopped at time : 3801675 ns : File "D:/kgfu_fsic_tony/dsn/rtl/fsic_io_serdes_rx.v" Line 121
Stopped at time : 3801675 ns : File "D:/kgfu_fsic_tony/dsn/rtl/fsic_io_serdes_rx.v" Line 125
Stopped at time : 3801675 ns : File "D:/kgfu_fsic_tony/dsn/rtl/fsic_io_serdes_rx.v" Line 120
Stopped at time : 3801675 ns : File "D:/kgfu_fsic_tony/dsn/rtl/fsic_io_serdes_rx.v" Line 135
Stopped at time : 3801675 ns : File "D:/kgfu_fsic_tony/dsn/rtl/fsic_io_serdes_rx.v" Line 139
Stopped at time : 3801675 ns : File "D:/kgfu_fsic_tony/dsn/rtl/fsic_io_serdes_rx.v" Line 142
Stopped at time : 3801675 ns : File "D:/kgfu_fsic_tony/dsn/rtl/fsic_io_serdes_rx.v" Line 134
Stopped at time : 3801675 ns : File "D:/kgfu_fsic_tony/dsn/rtl/fsic_io_serdes_rx.v" Line 149
Stopped at time : 3801675 ns : File "D:/kgfu_fsic_tony/dsn/rtl/fsic_io_serdes_rx.v" Line 153
Stopped at time : 3801675 ns : File "D:/kgfu_fsic_tony/dsn/rtl/fsic_io_serdes_rx.v" Line 154
Stopped at time : 3801675 ns : File "D:/kgfu_fsic_tony/dsn/rtl/fsic_io_serdes_rx.v" Line 148
Stopped at time : 3801675 ns : File "D:/kgfu_fsic_tony/dsn/rtl/fsic_io_serdes_rx.v" Line 167
Stopped at time : 3801675 ns : File "D:/kgfu_fsic_tony/dsn/rtl/fsic_io_serdes_rx.v" Line 172
Stopped at time : 3801675 ns : File "D:/kgfu_fsic_tony/dsn/rtl/fsic_io_serdes_rx.v" Line 177
Stopped at time : 3801675 ns : File "D:/kgfu_fsic_tony/dsn/rtl/fsic_io_serdes_rx.v" Line 178
Stopped at time : 3801675 ns : File "D:/kgfu_fsic_tony/dsn/rtl/fsic_io_serdes_rx.v" Line 165
Stopped at time : 3801675 ns : File "D:/kgfu_fsic_tony/dsn/rtl/fsic_io_serdes_rx.v" Line 76
Stopped at time : 3801675 ns : File "D:/kgfu_fsic_tony/dsn/rtl/fsic_io_serdes_rx.v" Line 81
Stopped at time : 3801675 ns : File "D:/kgfu_fsic_tony/dsn/rtl/fsic_io_serdes_rx.v" Line 82
Stopped at time : 3801675 ns : File "D:/kgfu_fsic_tony/dsn/rtl/fsic_io_serdes_rx.v" Line 75
Stopped at time : 3801675 ns : File "D:/kgfu_fsic_tony/dsn/rtl/fsic_io_serdes_rx.v" Line 88
Stopped at time : 3801675 ns : File "D:/kgfu_fsic_tony/dsn/rtl/fsic_io_serdes_rx.v" Line 92
Stopped at time : 3801675 ns : File "D:/kgfu_fsic_tony/dsn/rtl/fsic_io_serdes_rx.v" Line 95
Stopped at time : 3801675 ns : File "D:/kgfu_fsic_tony/dsn/rtl/fsic_io_serdes_rx.v" Line 87
Stopped at time : 3801675 ns : File "D:/kgfu_fsic_tony/dsn/rtl/fsic_io_serdes_rx.v" Line 103
Stopped at time : 3801675 ns : File "D:/kgfu_fsic_tony/dsn/rtl/fsic_io_serdes_rx.v" Line 107
Stopped at time : 3801675 ns : File "D:/kgfu_fsic_tony/dsn/rtl/fsic_io_serdes_rx.v" Line 114
Stopped at time : 3801675 ns : File "D:/kgfu_fsic_tony/dsn/rtl/fsic_io_serdes_rx.v" Line 102
Stopped at time : 3801675 ns : File "D:/kgfu_fsic_tony/dsn/rtl/fsic_io_serdes_rx.v" Line 121
Stopped at time : 3801675 ns : File "D:/kgfu_fsic_tony/dsn/rtl/fsic_io_serdes_rx.v" Line 125
Stopped at time : 3801675 ns : File "D:/kgfu_fsic_tony/dsn/rtl/fsic_io_serdes_rx.v" Line 120
Stopped at time : 3801675 ns : File "D:/kgfu_fsic_tony/dsn/rtl/fsic_io_serdes_rx.v" Line 135
Stopped at time : 3801675 ns : File "D:/kgfu_fsic_tony/dsn/rtl/fsic_io_serdes_rx.v" Line 139
Stopped at time : 3801675 ns : File "D:/kgfu_fsic_tony/dsn/rtl/fsic_io_serdes_rx.v" Line 142
Stopped at time : 3801675 ns : File "D:/kgfu_fsic_tony/dsn/rtl/fsic_io_serdes_rx.v" Line 134
Stopped at time : 3801675 ns : File "D:/kgfu_fsic_tony/dsn/rtl/fsic_io_serdes_rx.v" Line 149
Stopped at time : 3801675 ns : File "D:/kgfu_fsic_tony/dsn/rtl/fsic_io_serdes_rx.v" Line 153
Stopped at time : 3801675 ns : File "D:/kgfu_fsic_tony/dsn/rtl/fsic_io_serdes_rx.v" Line 154
